0 info it worked if it ends with ok
1 verbose cli [ '/usr/local/bin/node',
1 verbose cli   '/usr/local/bin/npm',
1 verbose cli   'i',
1 verbose cli   '-g',
1 verbose cli   'typescript' ]
2 info using npm@2.14.7
3 info using node@v4.2.1
4 verbose install initial load of /usr/local/lib/package.json
5 verbose readDependencies loading dependencies from /usr/local/lib/package.json
6 silly cache add args [ 'typescript', null ]
7 verbose cache add spec typescript
8 silly cache add parsed spec Result {
8 silly cache add   raw: 'typescript',
8 silly cache add   scope: null,
8 silly cache add   name: 'typescript',
8 silly cache add   rawSpec: '',
8 silly cache add   spec: '*',
8 silly cache add   type: 'range' }
9 silly addNamed typescript@*
10 verbose addNamed "*" is a valid semver range for typescript
11 silly addNameRange { name: 'typescript', range: '*', hasData: false }
12 silly mapToRegistry name typescript
13 silly mapToRegistry using default registry
14 silly mapToRegistry registry https://registry.npmjs.org/
15 silly mapToRegistry uri https://registry.npmjs.org/typescript
16 verbose addNameRange registry:https://registry.npmjs.org/typescript not in flight; fetching
17 verbose request uri https://registry.npmjs.org/typescript
18 verbose request no auth needed
19 info attempt registry request try #1 at 5:01:31 PM
20 verbose request id 11c3c759b946874d
21 http request GET https://registry.npmjs.org/typescript
22 http 200 https://registry.npmjs.org/typescript
23 verbose headers { server: 'CouchDB/1.5.0 (Erlang OTP/R16B03)',
23 verbose headers   etag: '"AE2H4E4OAZEKTMPUTGD6ASFTN"',
23 verbose headers   'content-type': 'application/json',
23 verbose headers   'cache-control': 'max-age=60',
23 verbose headers   'content-length': '169023',
23 verbose headers   'accept-ranges': 'bytes',
23 verbose headers   date: 'Sun, 25 Oct 2015 11:31:32 GMT',
23 verbose headers   via: '1.1 varnish',
23 verbose headers   age: '27',
23 verbose headers   connection: 'keep-alive',
23 verbose headers   'x-served-by': 'cache-ams4140-AMS',
23 verbose headers   'x-cache': 'HIT',
23 verbose headers   'x-cache-hits': '1',
23 verbose headers   'x-timer': 'S1445772692.419906,VS0,VE1',
23 verbose headers   vary: 'Accept' }
24 silly get cb [ 200,
24 silly get   { server: 'CouchDB/1.5.0 (Erlang OTP/R16B03)',
24 silly get     etag: '"AE2H4E4OAZEKTMPUTGD6ASFTN"',
24 silly get     'content-type': 'application/json',
24 silly get     'cache-control': 'max-age=60',
24 silly get     'content-length': '169023',
24 silly get     'accept-ranges': 'bytes',
24 silly get     date: 'Sun, 25 Oct 2015 11:31:32 GMT',
24 silly get     via: '1.1 varnish',
24 silly get     age: '27',
24 silly get     connection: 'keep-alive',
24 silly get     'x-served-by': 'cache-ams4140-AMS',
24 silly get     'x-cache': 'HIT',
24 silly get     'x-cache-hits': '1',
24 silly get     'x-timer': 'S1445772692.419906,VS0,VE1',
24 silly get     vary: 'Accept' } ]
25 verbose get saving typescript to /Users/siddhi/.npm/registry.npmjs.org/typescript/.cache.json
26 silly addNameRange number 2 { name: 'typescript', range: '*', hasData: true }
27 silly addNameRange versions [ 'typescript',
27 silly addNameRange   [ '0.8.0',
27 silly addNameRange     '0.8.1',
27 silly addNameRange     '0.8.1-1',
27 silly addNameRange     '0.8.2',
27 silly addNameRange     '0.8.3',
27 silly addNameRange     '0.9.0',
27 silly addNameRange     '0.9.0-1',
27 silly addNameRange     '0.9.1',
27 silly addNameRange     '0.9.1-1',
27 silly addNameRange     '0.9.5',
27 silly addNameRange     '0.9.7',
27 silly addNameRange     '1.0.0',
27 silly addNameRange     '1.0.1',
27 silly addNameRange     '1.1.0-1',
27 silly addNameRange     '1.3.0',
27 silly addNameRange     '1.4.1',
27 silly addNameRange     '1.5.0-alpha',
27 silly addNameRange     '1.5.0-beta',
27 silly addNameRange     '1.5.3',
27 silly addNameRange     '1.6.0-dev.20150722.1',
27 silly addNameRange     '1.6.0-dev.20150723',
27 silly addNameRange     '1.6.0-dev.20150724',
27 silly addNameRange     '1.6.0-dev.20150725',
27 silly addNameRange     '1.6.0-dev.20150726',
27 silly addNameRange     '1.6.0-dev.20150727',
27 silly addNameRange     '1.6.0-dev.20150728',
27 silly addNameRange     '1.6.0-dev.20150729',
27 silly addNameRange     '1.6.0-dev.20150730',
27 silly addNameRange     '1.6.0-dev.20150731',
27 silly addNameRange     '1.6.0-dev.20150801',
27 silly addNameRange     '1.6.0-dev.20150802',
27 silly addNameRange     '1.6.0-dev.20150803',
27 silly addNameRange     '1.6.0-dev.20150804',
27 silly addNameRange     '1.6.0-dev.20150805',
27 silly addNameRange     '1.6.0-dev.20150806',
27 silly addNameRange     '1.6.0-dev.20150807',
27 silly addNameRange     '1.6.0-dev.20150808',
27 silly addNameRange     '1.6.0-dev.20150809',
27 silly addNameRange     '1.6.0-dev.20150810',
27 silly addNameRange     '1.6.0-dev.20150811',
27 silly addNameRange     '1.6.0-dev.20150812',
27 silly addNameRange     '1.6.0-dev.20150813',
27 silly addNameRange     '1.6.0-dev.20150814',
27 silly addNameRange     '1.6.0-dev.20150815',
27 silly addNameRange     '1.6.0-dev.20150816',
27 silly addNameRange     '1.6.0-dev.20150817',
27 silly addNameRange     '1.6.0-dev.20150818',
27 silly addNameRange     '1.6.0-dev.20150819',
27 silly addNameRange     '1.6.0-dev.20150820',
27 silly addNameRange     '1.6.0-dev.20150821',
27 silly addNameRange     '1.6.0-dev.20150822',
27 silly addNameRange     '1.6.0-dev.20150823',
27 silly addNameRange     '1.6.0-dev.20150824',
27 silly addNameRange     '1.6.0-dev.20150825',
27 silly addNameRange     '1.7.0-dev.20150826',
27 silly addNameRange     '1.7.0-dev.20150827',
27 silly addNameRange     '1.7.0-dev.20150828',
27 silly addNameRange     '1.7.0-dev.20150829',
27 silly addNameRange     '1.7.0-dev.20150830',
27 silly addNameRange     '1.7.0-dev.20150831',
27 silly addNameRange     '1.7.0-dev.20150901',
27 silly addNameRange     '1.7.0-dev.20150902',
27 silly addNameRange     '1.6.0-beta',
27 silly addNameRange     '1.7.0-dev.20150903',
27 silly addNameRange     '1.7.0-dev.20150904',
27 silly addNameRange     '1.6.0-dev.20150905',
27 silly addNameRange     '1.6.0-dev.20150906',
27 silly addNameRange     '1.6.0-dev.20150907',
27 silly addNameRange     '1.6.0-dev.20150908',
27 silly addNameRange     '1.6.0-dev.20150909',
27 silly addNameRange     '1.6.0-dev.20150910',
27 silly addNameRange     '1.6.0-dev.20150911',
27 silly addNameRange     '1.6.0-dev.20150912',
27 silly addNameRange     '1.6.0-dev.20150913',
27 silly addNameRange     '1.6.0-dev.20150914',
27 silly addNameRange     '1.6.0-dev.20150915',
27 silly addNameRange     '1.7.0-dev.20150916',
27 silly addNameRange     '1.6.2',
27 silly addNameRange     '1.7.0-dev.20150917',
27 silly addNameRange     '1.7.0-dev.20150918',
27 silly addNameRange     '1.7.0-dev.20150919',
27 silly addNameRange     '1.7.0-dev.20150920',
27 silly addNameRange     '1.7.0-dev.20150921',
27 silly addNameRange     '1.7.0-dev.20150922',
27 silly addNameRange     '1.7.0-dev.20150923',
27 silly addNameRange     '1.7.0-dev.20150924',
27 silly addNameRange     '1.7.0-dev.20150925',
27 silly addNameRange     '1.7.0-dev.20150926',
27 silly addNameRange     '1.7.0-dev.20150927',
27 silly addNameRange     '1.7.0-dev.20150928',
27 silly addNameRange     '1.7.0-dev.20150929',
27 silly addNameRange     '1.7.0-dev.20150930',
27 silly addNameRange     '1.7.0-dev.20151001',
27 silly addNameRange     '1.7.0-dev.20151002',
27 silly addNameRange     '1.7.0-dev.20151003',
27 silly addNameRange     '1.7.0-dev.20151004',
27 silly addNameRange     '1.7.0-dev.20151005',
27 silly addNameRange     '1.7.0-dev.20151006',
27 silly addNameRange     '1.7.0-dev.20151014',
27 silly addNameRange     '1.7.0-dev.20151015',
27 silly addNameRange     '1.7.0-dev.20151016',
27 silly addNameRange     '1.8.0-dev.20151017',
27 silly addNameRange     '1.8.0-dev.20151018',
27 silly addNameRange     '1.8.0-dev.20151019',
27 silly addNameRange     '1.8.0-dev.20151020',
27 silly addNameRange     '1.8.0-dev.20151021',
27 silly addNameRange     '1.8.0-dev.20151022',
27 silly addNameRange     '1.8.0-dev.20151023',
27 silly addNameRange     '1.8.0-dev.20151024',
27 silly addNameRange     '1.8.0-dev.20151025' ] ]
28 silly addNamed typescript@1.6.2
29 verbose addNamed "1.6.2" is a plain semver version for typescript
30 silly mapToRegistry name typescript
31 silly mapToRegistry using default registry
32 silly mapToRegistry registry https://registry.npmjs.org/
33 silly mapToRegistry uri https://registry.npmjs.org/typescript
34 verbose addRemoteTarball https://registry.npmjs.org/typescript/-/typescript-1.6.2.tgz not in flight; adding
35 verbose addRemoteTarball [ 'https://registry.npmjs.org/typescript/-/typescript-1.6.2.tgz',
35 verbose addRemoteTarball   '5b27254abeb111027cbf9450d3431bc5843191dd' ]
36 info retry fetch attempt 1 at 5:01:32 PM
37 info attempt registry request try #1 at 5:01:32 PM
38 http fetch GET https://registry.npmjs.org/typescript/-/typescript-1.6.2.tgz
39 http fetch 200 https://registry.npmjs.org/typescript/-/typescript-1.6.2.tgz
40 silly fetchAndShaCheck shasum 5b27254abeb111027cbf9450d3431bc5843191dd
41 verbose addTmpTarball /var/folders/d7/rtq5s86n0kv0mz1zwl_qlx6m0000gn/T/npm-2614-637731c5/registry.npmjs.org/typescript/-/typescript-1.6.2.tgz not in flight; adding
42 verbose addTmpTarball already have metadata; skipping unpack for typescript@1.6.2
43 silly cache afterAdd typescript@1.6.2
44 verbose afterAdd /Users/siddhi/.npm/typescript/1.6.2/package/package.json not in flight; writing
45 verbose afterAdd /Users/siddhi/.npm/typescript/1.6.2/package/package.json written
46 silly install resolved [ { name: 'typescript',
46 silly install resolved     author: { name: 'Microsoft Corp.' },
46 silly install resolved     homepage: 'http://typescriptlang.org/',
46 silly install resolved     version: '1.6.2',
46 silly install resolved     license: 'Apache-2.0',
46 silly install resolved     description: 'TypeScript is a language for application scale JavaScript development',
46 silly install resolved     keywords: [ 'TypeScript', 'Microsoft', 'compiler', 'language', 'javascript' ],
46 silly install resolved     bugs: { url: 'https://github.com/Microsoft/TypeScript/issues' },
46 silly install resolved     repository:
46 silly install resolved      { type: 'git',
46 silly install resolved        url: 'https://github.com/Microsoft/TypeScript.git' },
46 silly install resolved     main: './lib/typescript.js',
46 silly install resolved     typings: './lib/typescript.d.ts',
46 silly install resolved     bin: { tsc: './bin/tsc', tsserver: './bin/tsserver' },
46 silly install resolved     engines: { node: '>=0.8.0' },
46 silly install resolved     devDependencies:
46 silly install resolved      { jake: 'latest',
46 silly install resolved        mocha: 'latest',
46 silly install resolved        chai: 'latest',
46 silly install resolved        browserify: 'latest',
46 silly install resolved        istanbul: 'latest',
46 silly install resolved        'mocha-fivemat-progress-reporter': 'latest',
46 silly install resolved        tslint: 'latest' },
46 silly install resolved     scripts:
46 silly install resolved      { pretest: 'jake tests',
46 silly install resolved        test: 'jake runtests',
46 silly install resolved        build: 'npm run build:compiler && npm run build:tests',
46 silly install resolved        'build:compiler': 'jake local',
46 silly install resolved        'build:tests': 'jake tests',
46 silly install resolved        clean: 'jake clean' },
46 silly install resolved     browser: { buffer: false, fs: false, os: false, path: false },
46 silly install resolved     gitHead: 'a44d8e76c68e7c685cef3d34943158021acd04e5',
46 silly install resolved     _id: 'typescript@1.6.2',
46 silly install resolved     _shasum: '5b27254abeb111027cbf9450d3431bc5843191dd',
46 silly install resolved     _from: 'typescript@*',
46 silly install resolved     _npmVersion: '2.0.0',
46 silly install resolved     _npmUser: { name: 'typescript', email: 'typescript@microsoft.com' },
46 silly install resolved     maintainers: [ [Object] ],
46 silly install resolved     dist:
46 silly install resolved      { shasum: '5b27254abeb111027cbf9450d3431bc5843191dd',
46 silly install resolved        tarball: 'http://registry.npmjs.org/typescript/-/typescript-1.6.2.tgz' },
46 silly install resolved     directories: {},
46 silly install resolved     _resolved: 'https://registry.npmjs.org/typescript/-/typescript-1.6.2.tgz' } ]
47 info install typescript@1.6.2 into /usr/local/lib
48 info installOne typescript@1.6.2
49 verbose installOne of typescript to /usr/local/lib not in flight; installing
50 verbose lock using /Users/siddhi/.npm/_locks/typescript-5355178f5d1a073f.lock for /usr/local/lib/node_modules/typescript
51 silly install write writing typescript 1.6.2 to /usr/local/lib/node_modules/typescript
52 verbose unbuild lib/node_modules/typescript
53 silly gentlyRm /usr/local/lib/node_modules/typescript is being purged from base /usr/local
54 verbose gentlyRm don't care about contents; nuking /usr/local/lib/node_modules/typescript
55 verbose tar unpack /Users/siddhi/.npm/typescript/1.6.2/package.tgz
56 verbose tar unpacking to /usr/local/lib/node_modules/typescript
57 silly gentlyRm /usr/local/lib/node_modules/typescript is being purged
58 verbose gentlyRm don't care about contents; nuking /usr/local/lib/node_modules/typescript
59 silly gunzTarPerm modes [ '755', '644' ]
60 error tar.unpack untar error /Users/siddhi/.npm/typescript/1.6.2/package.tgz
61 verbose unlock done using /Users/siddhi/.npm/_locks/typescript-5355178f5d1a073f.lock for /usr/local/lib/node_modules/typescript
62 verbose fstream_path /usr/local/lib/node_modules/typescript
63 verbose fstream_type Directory
64 verbose fstream_class DirWriter
65 verbose stack Error: EACCES: permission denied, mkdir '/usr/local/lib/node_modules/typescript'
65 verbose stack     at Error (native)
66 verbose fstream_stack /usr/local/lib/node_modules/npm/node_modules/fstream/lib/dir-writer.js:35:25
66 verbose fstream_stack /usr/local/lib/node_modules/npm/node_modules/mkdirp/index.js:47:53
66 verbose fstream_stack FSReqWrap.oncomplete (fs.js:82:15)
67 verbose cwd /Users/siddhi/workspace/ng-playground/sample-examples
68 error Darwin 14.5.0
69 error argv "/usr/local/bin/node" "/usr/local/bin/npm" "i" "-g" "typescript"
70 error node v4.2.1
71 error npm  v2.14.7
72 error path /usr/local/lib/node_modules/typescript
73 error code EACCES
74 error errno -13
75 error syscall mkdir
76 error Error: EACCES: permission denied, mkdir '/usr/local/lib/node_modules/typescript'
76 error     at Error (native)
76 error  { [Error: EACCES: permission denied, mkdir '/usr/local/lib/node_modules/typescript']
76 error   errno: -13,
76 error   code: 'EACCES',
76 error   syscall: 'mkdir',
76 error   path: '/usr/local/lib/node_modules/typescript',
76 error   fstream_type: 'Directory',
76 error   fstream_path: '/usr/local/lib/node_modules/typescript',
76 error   fstream_class: 'DirWriter',
76 error   fstream_stack:
76 error    [ '/usr/local/lib/node_modules/npm/node_modules/fstream/lib/dir-writer.js:35:25',
76 error      '/usr/local/lib/node_modules/npm/node_modules/mkdirp/index.js:47:53',
76 error      'FSReqWrap.oncomplete (fs.js:82:15)' ] }
77 error Please try running this command again as root/Administrator.
78 verbose exit [ -13, true ]
79 verbose unbuild lib/node_modules/typescript
80 silly gentlyRm /usr/local/lib/node_modules/typescript is being purged from base /usr/local
81 verbose gentlyRm don't care about contents; nuking /usr/local/lib/node_modules/typescript
